<?xml version="1.0" encoding="UTF-8"?>
<!-- Generated by org.testng.reporters.JUnitReportReporter -->
<testsuite hostname="Mukeshs-MacBook-Air-2.local" failures="0" tests="2" name="testcases.LoginTest" time="26.178" errors="0" timestamp="2023-02-05T09:11:54 IST" skipped="0">
  <testcase classname="testcases.LoginTest" name="loginToApplication" time="10.709"/>
  <system-out/>
  <testcase classname="testcases.LoginTest" name="loginToApplication" time="15.469"/>
  <system-out/>
</testsuite> <!-- testcases.LoginTest -->
