<?xml version="1.0" encoding="UTF-8"?>
<!-- Generated by org.testng.reporters.JUnitReportReporter -->
<testsuite hostname="DESKTOP-6FQ069P" failures="0" tests="2" name="testcases.LoginTest" time="5.257" errors="0" timestamp="2024-01-05T21:39:16 IST" skipped="0">
  <testcase classname="testcases.LoginTest" name="loginToApplication" time="3.142"/>
  <system-out/>
  <testcase classname="testcases.LoginTest" name="loginToApplication" time="2.115"/>
  <system-out/>
</testsuite> <!-- testcases.LoginTest -->
